2024-12-05 13:04:07 [main] INFO  api.test.UserTest - ********Creating User********
2024-12-05 13:04:08 [main] INFO  api.test.UserTest - ****** Reading User**********
2024-12-05 13:04:08 [main] INFO  api.test.UserTest - ****** Updating  User**********
2024-12-05 13:04:08 [main] INFO  api.test.UserTest - ****** Deleting  User**********
2024-12-05 13:04:37 [main] INFO  api.test.UserTest - ********Creating User********
2024-12-05 13:04:40 [main] INFO  api.test.UserTest - ****** User is Created********
2024-12-05 13:04:40 [main] INFO  api.test.UserTest - ****** Reading User**********
2024-12-05 13:04:42 [main] INFO  api.test.UserTest - ******User info is displayed **********
2024-12-05 13:04:42 [main] INFO  api.test.UserTest - ****** Updating  User**********
2024-12-05 13:04:44 [main] INFO  api.test.UserTest - ******User  is Updated* *********
2024-12-05 13:04:45 [main] INFO  api.test.UserTest - ****** Deleting  User**********
2024-12-05 13:04:47 [main] INFO  api.test.UserTest - ******User is deleted **********
2024-12-05 17:18:11 [main] INFO  api.test.UserTest2 - ********Creating User********
2024-12-05 17:18:11 [main] INFO  api.test.UserTest2 - ****** Reading User**********
2024-12-05 17:18:11 [main] INFO  api.test.UserTest2 - ****** Updating  User**********
2024-12-05 17:18:11 [main] INFO  api.test.UserTest2 - ****** Deleting  User**********
2024-12-05 17:26:13 [main] INFO  api.test.UserTest2 - ********Creating User********
2024-12-05 17:26:16 [main] INFO  api.test.UserTest2 - ****** User is Created********
2024-12-05 17:26:16 [main] INFO  api.test.UserTest2 - ****** Reading User**********
2024-12-05 17:26:18 [main] INFO  api.test.UserTest2 - ******User info is displayed **********
2024-12-05 17:26:18 [main] INFO  api.test.UserTest2 - ****** Updating  User**********
2024-12-05 17:26:19 [main] INFO  api.test.UserTest2 - ******User  is Updated* *********
2024-12-05 17:26:21 [main] INFO  api.test.UserTest2 - ****** Deleting  User**********
2024-12-05 17:26:22 [main] INFO  api.test.UserTest2 - ******User is deleted **********
2024-12-05 17:38:48 [main] INFO  api.test.UserTest - ********Creating User********
2024-12-05 17:38:50 [main] INFO  api.test.UserTest - ****** User is Created********
2024-12-05 17:38:50 [main] INFO  api.test.UserTest - ****** Reading User**********
2024-12-05 17:38:52 [main] INFO  api.test.UserTest - ******User info is displayed **********
2024-12-05 17:38:52 [main] INFO  api.test.UserTest - ****** Updating  User**********
2024-12-05 17:38:53 [main] INFO  api.test.UserTest - ******User  is Updated* *********
2024-12-05 17:38:55 [main] INFO  api.test.UserTest - ****** Deleting  User**********
2024-12-05 17:38:56 [main] INFO  api.test.UserTest - ******User is deleted **********
2024-12-05 17:43:32 [main] INFO  api.test.UserTest2 - ********Creating User********
2024-12-05 17:43:35 [main] INFO  api.test.UserTest2 - ****** User is Created********
2024-12-05 17:43:35 [main] INFO  api.test.UserTest2 - ****** Reading User**********
2024-12-05 17:43:37 [main] INFO  api.test.UserTest2 - ******User info is displayed **********
2024-12-05 17:43:37 [main] INFO  api.test.UserTest2 - ****** Updating  User**********
2024-12-05 17:43:38 [main] INFO  api.test.UserTest2 - ******User  is Updated* *********
2024-12-05 17:43:40 [main] INFO  api.test.UserTest2 - ****** Deleting  User**********
2024-12-05 17:43:41 [main] INFO  api.test.UserTest2 - ******User is deleted **********
2024-12-05 22:23:55 [main] INFO  api.test.UserTest2 - ********Creating User********
2024-12-05 22:23:59 [main] INFO  api.test.UserTest2 - ****** User is Created********
2024-12-05 22:23:59 [main] INFO  api.test.UserTest2 - ****** Reading User**********
2024-12-05 22:24:01 [main] INFO  api.test.UserTest2 - ******User info is displayed **********
2024-12-05 22:24:01 [main] INFO  api.test.UserTest2 - ****** Updating  User**********
2024-12-05 22:24:03 [main] INFO  api.test.UserTest2 - ******User  is Updated* *********
2024-12-05 22:24:04 [main] INFO  api.test.UserTest2 - ****** Deleting  User**********
2024-12-05 22:24:06 [main] INFO  api.test.UserTest2 - ******User is deleted **********
